[debug] [2025-12-02T09:25:02.832Z] ----------------------------------------------------------------------
[debug] [2025-12-02T09:25:02.838Z] Command:       /opt/homebrew/Cellar/node/24.10.0_1/bin/node /opt/homebrew/bin/firebase emulators:start
[debug] [2025-12-02T09:25:02.838Z] CLI Version:   14.26.0
[debug] [2025-12-02T09:25:02.839Z] Platform:      darwin
[debug] [2025-12-02T09:25:02.839Z] Node Version:  v24.10.0
[debug] [2025-12-02T09:25:02.839Z] Time:          Tue Dec 02 2025 14:55:02 GMT+0530 (India Standard Time)
[debug] [2025-12-02T09:25:02.839Z] ----------------------------------------------------------------------
[debug] 
[debug] [2025-12-02T09:25:02.840Z] >>> [apiv2][query] GET https://firebase-public.firebaseio.com/cli.json [none]
[debug] [2025-12-02T09:25:02.959Z] > command requires scopes: ["email","openid","https://www.googleapis.com/auth/cloudplatformprojects.readonly","https://www.googleapis.com/auth/firebase","https://www.googleapis.com/auth/cloud-platform"]
[debug] [2025-12-02T09:25:02.959Z] > authorizing via signed-in user (pramodbmgowda7@gmail.com)
[info] i  emulators: Starting emulators: functions, extensions {"metadata":{"emulator":{"name":"hub"},"message":"Starting emulators: functions, extensions"}}
[debug] [2025-12-02T09:25:02.961Z] Checked if tokens are valid: false, expires at: 1764614290070
[debug] [2025-12-02T09:25:02.961Z] Checked if tokens are valid: false, expires at: 1764614290070
[debug] [2025-12-02T09:25:02.961Z] > refreshing access token with scopes: []
[debug] [2025-12-02T09:25:02.961Z] >>> [apiv2][query] POST https://www.googleapis.com/oauth2/v3/token [none]
[debug] [2025-12-02T09:25:02.962Z] >>> [apiv2][body] POST https://www.googleapis.com/oauth2/v3/token [omitted]
[debug] [2025-12-02T09:25:03.263Z] <<< [apiv2][status] POST https://www.googleapis.com/oauth2/v3/token 200
[debug] [2025-12-02T09:25:03.264Z] <<< [apiv2][body] POST https://www.googleapis.com/oauth2/v3/token [omitted]
[debug] [2025-12-02T09:25:03.271Z] >>> [apiv2][query] GET https://cloudresourcemanager.googleapis.com/v1/projects/archie-savvy-app-79268 [none]
[debug] [2025-12-02T09:25:04.862Z] <<< [apiv2][status] GET https://cloudresourcemanager.googleapis.com/v1/projects/archie-savvy-app-79268 200
[debug] [2025-12-02T09:25:04.862Z] <<< [apiv2][body] GET https://cloudresourcemanager.googleapis.com/v1/projects/archie-savvy-app-79268 {"projectNumber":"324496621848","projectId":"archie-savvy-app-79268","lifecycleState":"ACTIVE","name":"archie-savvy-app","labels":{"firebase":"enabled","firebase-core":"disabled"},"createTime":"2025-11-26T17:41:22.230222Z"}
[debug] [2025-12-02T09:25:04.979Z] [logging] Logging Emulator only supports listening on one address (127.0.0.1). Not listening on ::1
[debug] [2025-12-02T09:25:04.979Z] assigned listening specs for emulators {"user":{"ui":[{"address":"0.0.0.0","family":"IPv4","port":4000}],"hub":[{"address":"127.0.0.1","family":"IPv4","port":4400},{"address":"::1","family":"IPv6","port":4400}],"logging":[{"address":"127.0.0.1","family":"IPv4","port":4500}]},"metadata":{"message":"assigned listening specs for emulators"}}
[debug] [2025-12-02T09:25:04.981Z] Emulator locator file path: /var/folders/1l/1fkgv7dx6wl42hjswl5j0ktc0000gn/T/hub-archie-savvy-app-79268.json
[debug] [2025-12-02T09:25:04.982Z] [hub] writing locator at /var/folders/1l/1fkgv7dx6wl42hjswl5j0ktc0000gn/T/hub-archie-savvy-app-79268.json
[debug] [2025-12-02T09:25:04.984Z] [Extensions] Started Extensions emulator, this is a noop.
[debug] [2025-12-02T09:25:05.054Z] [eventarc] Eventarc Emulator only supports listening on one address (127.0.0.1). Not listening on ::1
[debug] [2025-12-02T09:25:05.054Z] [tasks] Cloud Tasks Emulator only supports listening on one address (127.0.0.1). Not listening on ::1
[debug] [2025-12-02T09:25:05.054Z] late-assigned ports for functions and eventarc emulators {"user":{"ui":[{"address":"0.0.0.0","family":"IPv4","port":4000}],"hub":[{"address":"127.0.0.1","family":"IPv4","port":4400},{"address":"::1","family":"IPv6","port":4400}],"logging":[{"address":"127.0.0.1","family":"IPv4","port":4500}],"functions":[{"address":"0.0.0.0","family":"IPv4","port":5001}],"eventarc":[{"address":"127.0.0.1","family":"IPv4","port":9299}],"tasks":[{"address":"127.0.0.1","family":"IPv4","port":9499}]},"metadata":{"message":"late-assigned ports for functions and eventarc emulators"}}
[warn] ⚠  functions: The following emulators are not running, calls to these services from the Functions emulator will affect production: apphosting, auth, firestore, database, hosting, pubsub, storage, dataconnect {"metadata":{"emulator":{"name":"functions"},"message":"The following emulators are not running, calls to these services from the Functions emulator will affect production: \u001b[1mapphosting, auth, firestore, database, hosting, pubsub, storage, dataconnect\u001b[22m"}}
[debug] [2025-12-02T09:25:05.097Z] defaultcredentials: writing to file /Users/pramodbm/.config/firebase/pramodbmgowda7_gmail_com_application_default_credentials.json
[debug] [2025-12-02T09:25:05.097Z] Setting GAC to /Users/pramodbm/.config/firebase/pramodbmgowda7_gmail_com_application_default_credentials.json {"metadata":{"emulator":{"name":"functions"},"message":"Setting GAC to /Users/pramodbm/.config/firebase/pramodbmgowda7_gmail_com_application_default_credentials.json"}}
[debug] [2025-12-02T09:25:05.098Z] Checked if tokens are valid: true, expires at: 1764671102264
[debug] [2025-12-02T09:25:05.098Z] Checked if tokens are valid: true, expires at: 1764671102264
[debug] [2025-12-02T09:25:05.098Z] >>> [apiv2][query] GET https://firebase.googleapis.com/v1beta1/projects/archie-savvy-app-79268/adminSdkConfig [none]
[debug] [2025-12-02T09:25:05.152Z] <<< [apiv2][status] GET https://firebase-public.firebaseio.com/cli.json 200
[debug] [2025-12-02T09:25:05.152Z] <<< [apiv2][body] GET https://firebase-public.firebaseio.com/cli.json {"cloudBuildErrorAfter":1594252800000,"cloudBuildWarnAfter":1590019200000,"defaultNode10After":1594252800000,"minVersion":"3.0.5","node8DeploysDisabledAfter":1613390400000,"node8RuntimeDisabledAfter":1615809600000,"node8WarnAfter":1600128000000}
[debug] [2025-12-02T09:25:06.612Z] <<< [apiv2][status] GET https://firebase.googleapis.com/v1beta1/projects/archie-savvy-app-79268/adminSdkConfig 200
[debug] [2025-12-02T09:25:06.612Z] <<< [apiv2][body] GET https://firebase.googleapis.com/v1beta1/projects/archie-savvy-app-79268/adminSdkConfig {"projectId":"archie-savvy-app-79268","storageBucket":"archie-savvy-app-79268.firebasestorage.app"}
[debug] [2025-12-02T09:25:06.637Z] [Extensions] Connecting Extensions emulator, this is a noop.
[info] i  functions: Watching "/Users/pramodbm/Desktop/ARCHIE 2.0/ai-study-buddy/ArchieSavvyApp/functions" for Cloud Functions... {"metadata":{"emulator":{"name":"functions"},"message":"Watching \"/Users/pramodbm/Desktop/ARCHIE 2.0/ai-study-buddy/ArchieSavvyApp/functions\" for Cloud Functions..."}}
[debug] [2025-12-02T09:25:06.642Z] Validating nodejs source
[debug] [2025-12-02T09:25:07.291Z] > [functions] package.json contents: {
  "name": "functions",
  "description": "Cloud Functions for Firebase",
  "scripts": {
    "lint": "eslint .",
    "serve": "firebase emulators:start --only functions",
    "shell": "firebase functions:shell",
    "start": "npm run shell",
    "deploy": "firebase deploy --only functions",
    "logs": "firebase functions:log"
  },
  "engines": {
    "node": "24"
  },
  "main": "index.js",
  "dependencies": {
    "@google/generative-ai": "^0.24.1",
    "@react-navigation/bottom-tabs": "^7.8.7",
    "@react-navigation/native": "^7.1.22",
    "axios": "^1.13.2",
    "dotenv": "^17.2.3",
    "firebase-admin": "^13.6.0",
    "firebase-functions": "^7.0.0",
    "react-native-safe-area-context": "^5.6.2",
    "react-native-screens": "^4.18.0"
  },
  "devDependencies": {
    "eslint": "^8.15.0",
    "eslint-config-google": "^0.14.0",
    "firebase-functions-test": "^3.4.1"
  },
  "private": true
}
[debug] [2025-12-02T09:25:07.291Z] Building nodejs source
[debug] [2025-12-02T09:25:07.291Z] Failed to find version of module node: reached end of search path /Users/pramodbm/Desktop/ARCHIE 2.0/ai-study-buddy/ArchieSavvyApp/functions/node_modules
[info] ✔  functions: Using node@24 from host. 
[info] i  functions: Loaded environment variables from .env. 
[debug] [2025-12-02T09:25:07.293Z] Could not find functions.yaml. Must use http discovery
[debug] [2025-12-02T09:25:07.297Z] Found firebase-functions binary at '/Users/pramodbm/Desktop/ARCHIE 2.0/ai-study-buddy/ArchieSavvyApp/functions/node_modules/.bin/firebase-functions'
[info] Serving at port 8186

[info] [dotenv@17.2.3] injecting env (1) from .env -- tip: 🗂️ backup and recover secrets: https://dotenvx.com/ops

[debug] [2025-12-02T09:25:07.608Z] Got response from /__/functions.yaml {"endpoints":{"chatWithTutor":{"availableMemoryMb":null,"timeoutSeconds":300,"minInstances":null,"maxInstances":null,"ingressSettings":null,"concurrency":null,"serviceAccountEmail":null,"vpc":null,"platform":"gcfv2","labels":{},"httpsTrigger":{},"entryPoint":"chatWithTutor"}},"specVersion":"v1alpha1","requiredAPIs":[],"extensions":{}}
[debug] [2025-12-02T09:25:11.631Z] defaultcredentials: writing to file /Users/pramodbm/.config/firebase/pramodbmgowda7_gmail_com_application_default_credentials.json
[debug] [2025-12-02T09:25:11.632Z] Setting GAC to /Users/pramodbm/.config/firebase/pramodbmgowda7_gmail_com_application_default_credentials.json {"metadata":{"emulator":{"name":"functions"},"message":"Setting GAC to /Users/pramodbm/.config/firebase/pramodbmgowda7_gmail_com_application_default_credentials.json"}}
[info] ✔  functions: Loaded functions definitions from source: chatWithTutor. {"metadata":{"emulator":{"name":"functions"},"message":"Loaded functions definitions from source: chatWithTutor."}}
[info] ✔  functions[us-central1-chatWithTutor]: http function initialized (http://127.0.0.1:5001/archie-savvy-app-79268/us-central1/chatWithTutor). {"metadata":{"emulator":{"name":"functions"},"message":"\u001b[1mhttp\u001b[22m function initialized (http://127.0.0.1:5001/archie-savvy-app-79268/us-central1/chatWithTutor)."}}
[debug] [2025-12-02T09:25:11.637Z] Could not find VSCode notification endpoint: FetchError: request to http://localhost:40001/vscode/notify failed, reason: . If you are not running the Firebase Data Connect VSCode extension, this is expected and not an issue.
[info] 
┌─────────────────────────────────────────────────────────────┐
│ ✔  All emulators ready! It is now safe to connect your app. │
│ i  View Emulator UI at http://127.0.0.1:4000/               │
└─────────────────────────────────────────────────────────────┘

┌────────────┬──────────────┬──────────────────────────────────┐
│ Emulator   │ Host:Port    │ View in Emulator UI              │
├────────────┼──────────────┼──────────────────────────────────┤
│ Functions  │ 0.0.0.0:5001 │ http://127.0.0.1:4000/functions  │
├────────────┼──────────────┼──────────────────────────────────┤
│ Extensions │ 0.0.0.0:5001 │ http://127.0.0.1:4000/extensions │
└────────────┴──────────────┴──────────────────────────────────┘
  Emulator Hub host: 127.0.0.1 port: 4400
  Other reserved ports: 4500
┌─────────────────────────┬───────────────┬─────────────────────┐
│ Extension Instance Name │ Extension Ref │ View in Emulator UI │
└─────────────────────────┴───────────────┴─────────────────────┘
Issues? Report them at https://github.com/firebase/firebase-tools/issues and attach the *-debug.log files.
 
[debug] [2025-12-02T09:25:49.617Z] [work-queue] {"queuedWork":["/archie-savvy-app-79268/us-central1/chatWithTutor-2025-12-02T09:25:49.617Z"],"queueLength":1,"runningWork":[],"workRunningCount":0}
[debug] [2025-12-02T09:25:49.618Z] [work-queue] {"queuedWork":[],"queueLength":0,"runningWork":["/archie-savvy-app-79268/us-central1/chatWithTutor-2025-12-02T09:25:49.617Z"],"workRunningCount":1}
[debug] [2025-12-02T09:25:49.619Z] Accepted request POST /archie-savvy-app-79268/us-central1/chatWithTutor --> us-central1-chatWithTutor
[debug] [2025-12-02T09:25:49.626Z] [functions] Runtime ready! Sending request! {"metadata":{"emulator":{"name":"functions"},"message":"[functions] Runtime ready! Sending request!"}}
[debug] [2025-12-02T09:25:49.627Z] [functions] Got req.url=/archie-savvy-app-79268/us-central1/chatWithTutor, mapping to path=/ {"metadata":{"emulator":{"name":"functions"},"message":"[functions] Got req.url=/archie-savvy-app-79268/us-central1/chatWithTutor, mapping to path=/"}}
[info] i  functions: Loaded environment variables from .env. 
[debug] [2025-12-02T09:25:49.632Z] [worker-pool] addWorker(us-central1-chatWithTutor) {"metadata":{"emulator":{"name":"functions"},"message":"[worker-pool] addWorker(us-central1-chatWithTutor)"}}
[debug] [2025-12-02T09:25:49.633Z] [worker-pool] Adding worker with key us-central1-chatWithTutor, total=1 {"metadata":{"emulator":{"name":"functions"},"message":"[worker-pool] Adding worker with key us-central1-chatWithTutor, total=1"}}
[debug] [2025-12-02T09:25:50.259Z] [runtime-status] [2003] Resolved module firebase-admin {"declared":true,"installed":true,"version":"13.6.0","resolution":"/Users/pramodbm/Desktop/ARCHIE 2.0/ai-study-buddy/ArchieSavvyApp/functions/node_modules/firebase-admin/lib/index.js"} {"metadata":{"emulator":{"name":"functions"},"function":{"name":"us-central1-chatWithTutor"},"extension":{},"message":"[runtime-status] [2003] Resolved module firebase-admin {\"declared\":true,\"installed\":true,\"version\":\"13.6.0\",\"resolution\":\"/Users/pramodbm/Desktop/ARCHIE 2.0/ai-study-buddy/ArchieSavvyApp/functions/node_modules/firebase-admin/lib/index.js\"}"}}
[debug] [2025-12-02T09:25:50.259Z] [runtime-status] [2003] Resolved module firebase-functions {"declared":true,"installed":true,"version":"7.0.0","resolution":"/Users/pramodbm/Desktop/ARCHIE 2.0/ai-study-buddy/ArchieSavvyApp/functions/node_modules/firebase-functions/lib/v2/index.js"} {"metadata":{"emulator":{"name":"functions"},"function":{"name":"us-central1-chatWithTutor"},"extension":{},"message":"[runtime-status] [2003] Resolved module firebase-functions {\"declared\":true,\"installed\":true,\"version\":\"7.0.0\",\"resolution\":\"/Users/pramodbm/Desktop/ARCHIE 2.0/ai-study-buddy/ArchieSavvyApp/functions/node_modules/firebase-functions/lib/v2/index.js\"}"}}
[debug] [2025-12-02T09:25:50.259Z] [runtime-status] [2003] Outgoing network have been stubbed. [{"name":"http","status":"mocked"},{"name":"http","status":"mocked"},{"name":"https","status":"mocked"},{"name":"https","status":"mocked"},{"name":"net","status":"mocked"}] {"metadata":{"emulator":{"name":"functions"},"function":{"name":"us-central1-chatWithTutor"},"extension":{},"message":"[runtime-status] [2003] Outgoing network have been stubbed. [{\"name\":\"http\",\"status\":\"mocked\"},{\"name\":\"http\",\"status\":\"mocked\"},{\"name\":\"https\",\"status\":\"mocked\"},{\"name\":\"https\",\"status\":\"mocked\"},{\"name\":\"net\",\"status\":\"mocked\"}]"}}
[debug] [2025-12-02T09:25:50.260Z] [runtime-status] [2003] Resolved module firebase-functions {"declared":true,"installed":true,"version":"7.0.0","resolution":"/Users/pramodbm/Desktop/ARCHIE 2.0/ai-study-buddy/ArchieSavvyApp/functions/node_modules/firebase-functions/lib/v2/index.js"} {"metadata":{"emulator":{"name":"functions"},"function":{"name":"us-central1-chatWithTutor"},"extension":{},"message":"[runtime-status] [2003] Resolved module firebase-functions {\"declared\":true,\"installed\":true,\"version\":\"7.0.0\",\"resolution\":\"/Users/pramodbm/Desktop/ARCHIE 2.0/ai-study-buddy/ArchieSavvyApp/functions/node_modules/firebase-functions/lib/v2/index.js\"}"}}
[debug] [2025-12-02T09:25:50.260Z] [runtime-status] [2003] Detected firebase-functions v7+, skipping config helper. {"metadata":{"emulator":{"name":"functions"},"function":{"name":"us-central1-chatWithTutor"},"extension":{},"message":"[runtime-status] [2003] Detected firebase-functions v7+, skipping config helper."}}
[debug] [2025-12-02T09:25:50.260Z] [runtime-status] [2003] Resolved module firebase-functions {"declared":true,"installed":true,"version":"7.0.0","resolution":"/Users/pramodbm/Desktop/ARCHIE 2.0/ai-study-buddy/ArchieSavvyApp/functions/node_modules/firebase-functions/lib/v2/index.js"} {"metadata":{"emulator":{"name":"functions"},"function":{"name":"us-central1-chatWithTutor"},"extension":{},"message":"[runtime-status] [2003] Resolved module firebase-functions {\"declared\":true,\"installed\":true,\"version\":\"7.0.0\",\"resolution\":\"/Users/pramodbm/Desktop/ARCHIE 2.0/ai-study-buddy/ArchieSavvyApp/functions/node_modules/firebase-functions/lib/v2/index.js\"}"}}
[debug] [2025-12-02T09:25:50.260Z] [runtime-status] [2003] Detected firebase-functions v7+, skipping legacy stubs. {"metadata":{"emulator":{"name":"functions"},"function":{"name":"us-central1-chatWithTutor"},"extension":{},"message":"[runtime-status] [2003] Detected firebase-functions v7+, skipping legacy stubs."}}
[debug] [2025-12-02T09:25:50.260Z] [runtime-status] [2003] Resolved module firebase-admin {"declared":true,"installed":true,"version":"13.6.0","resolution":"/Users/pramodbm/Desktop/ARCHIE 2.0/ai-study-buddy/ArchieSavvyApp/functions/node_modules/firebase-admin/lib/index.js"} {"metadata":{"emulator":{"name":"functions"},"function":{"name":"us-central1-chatWithTutor"},"extension":{},"message":"[runtime-status] [2003] Resolved module firebase-admin {\"declared\":true,\"installed\":true,\"version\":\"13.6.0\",\"resolution\":\"/Users/pramodbm/Desktop/ARCHIE 2.0/ai-study-buddy/ArchieSavvyApp/functions/node_modules/firebase-admin/lib/index.js\"}"}}
[debug] [2025-12-02T09:25:50.301Z] [runtime-status] [2003] Resolved module firebase-functions {"declared":true,"installed":true,"version":"7.0.0","resolution":"/Users/pramodbm/Desktop/ARCHIE 2.0/ai-study-buddy/ArchieSavvyApp/functions/node_modules/firebase-functions/lib/v2/index.js"} {"metadata":{"emulator":{"name":"functions"},"function":{"name":"us-central1-chatWithTutor"},"extension":{},"message":"[runtime-status] [2003] Resolved module firebase-functions {\"declared\":true,\"installed\":true,\"version\":\"7.0.0\",\"resolution\":\"/Users/pramodbm/Desktop/ARCHIE 2.0/ai-study-buddy/ArchieSavvyApp/functions/node_modules/firebase-functions/lib/v2/index.js\"}"}}
[debug] [2025-12-02T09:25:50.478Z] [runtime-status] [2003] firebase-admin has been stubbed. {"adminResolution":{"declared":true,"installed":true,"version":"13.6.0","resolution":"/Users/pramodbm/Desktop/ARCHIE 2.0/ai-study-buddy/ArchieSavvyApp/functions/node_modules/firebase-admin/lib/index.js"}} {"metadata":{"emulator":{"name":"functions"},"function":{"name":"us-central1-chatWithTutor"},"extension":{},"message":"[runtime-status] [2003] firebase-admin has been stubbed. {\"adminResolution\":{\"declared\":true,\"installed\":true,\"version\":\"13.6.0\",\"resolution\":\"/Users/pramodbm/Desktop/ARCHIE 2.0/ai-study-buddy/ArchieSavvyApp/functions/node_modules/firebase-admin/lib/index.js\"}}"}}
[info] >  [dotenv@17.2.3] injecting env (0) from .env -- tip: ⚙️  write to custom object with { processEnv: myObject } {"user":"[dotenv@17.2.3] injecting env (0) from .env -- tip: ⚙️  write to custom object with { processEnv: myObject }","metadata":{"emulator":{"name":"functions"},"function":{"name":"us-central1-chatWithTutor"},"extension":{},"message":"\u001b[90m> \u001b[39m [dotenv@17.2.3] injecting env (0) from .env -- tip: ⚙️  write to custom object with { processEnv: myObject }"}}
[debug] [2025-12-02T09:25:50.485Z] [runtime-status] [2003] Functions runtime initialized. {"cwd":"/Users/pramodbm/Desktop/ARCHIE 2.0/ai-study-buddy/ArchieSavvyApp/functions","node_version":"24.10.0"} {"metadata":{"emulator":{"name":"functions"},"function":{"name":"us-central1-chatWithTutor"},"extension":{},"message":"[runtime-status] [2003] Functions runtime initialized. {\"cwd\":\"/Users/pramodbm/Desktop/ARCHIE 2.0/ai-study-buddy/ArchieSavvyApp/functions\",\"node_version\":\"24.10.0\"}"}}
[debug] [2025-12-02T09:25:50.485Z] [runtime-status] [2003] Listening to port: /var/folders/1l/1fkgv7dx6wl42hjswl5j0ktc0000gn/T/fire_emu_6fc42ad887f4bffa.sock {"metadata":{"emulator":{"name":"functions"},"function":{"name":"us-central1-chatWithTutor"},"extension":{},"message":"[runtime-status] [2003] Listening to port: /var/folders/1l/1fkgv7dx6wl42hjswl5j0ktc0000gn/T/fire_emu_6fc42ad887f4bffa.sock"}}
[debug] [2025-12-02T09:25:50.547Z] [worker-us-central1-chatWithTutor-c7b48424-2345-484a-b8ab-7a21304346b7]: IDLE {"metadata":{"emulator":{"name":"functions"},"function":{"name":"us-central1-chatWithTutor"},"extension":{},"message":"[worker-us-central1-chatWithTutor-c7b48424-2345-484a-b8ab-7a21304346b7]: IDLE"}}
[debug] [2025-12-02T09:25:50.547Z] [worker-pool] submitRequest(triggerId=us-central1-chatWithTutor) {"metadata":{"emulator":{"name":"functions"},"message":"[worker-pool] submitRequest(triggerId=us-central1-chatWithTutor)"}}
[info] i  functions: Beginning execution of "us-central1-chatWithTutor" {"metadata":{"emulator":{"name":"functions"},"function":{"name":"us-central1-chatWithTutor"},"extension":{},"message":"Beginning execution of \"us-central1-chatWithTutor\""}}
[debug] [2025-12-02T09:25:50.547Z] [worker-us-central1-chatWithTutor-c7b48424-2345-484a-b8ab-7a21304346b7]: BUSY {"metadata":{"emulator":{"name":"functions"},"function":{"name":"us-central1-chatWithTutor"},"extension":{},"message":"[worker-us-central1-chatWithTutor-c7b48424-2345-484a-b8ab-7a21304346b7]: BUSY"}}
[debug] [2025-12-02T09:25:51.764Z] Finishing up request with event=pause {"metadata":{"emulator":{"name":"functions"},"function":{"name":"us-central1-chatWithTutor"},"extension":{},"message":"Finishing up request with event=pause"}}
[info] i  functions: Finished "us-central1-chatWithTutor" in 1216.978541ms {"metadata":{"emulator":{"name":"functions"},"function":{"name":"us-central1-chatWithTutor"},"extension":{},"message":"Finished \"us-central1-chatWithTutor\" in 1216.978541ms"}}
[debug] [2025-12-02T09:25:51.765Z] [worker-us-central1-chatWithTutor-c7b48424-2345-484a-b8ab-7a21304346b7]: IDLE {"metadata":{"emulator":{"name":"functions"},"function":{"name":"us-central1-chatWithTutor"},"extension":{},"message":"[worker-us-central1-chatWithTutor-c7b48424-2345-484a-b8ab-7a21304346b7]: IDLE"}}
[debug] [2025-12-02T09:25:51.765Z] Finishing up request with event=finish {"metadata":{"emulator":{"name":"functions"},"function":{"name":"us-central1-chatWithTutor"},"extension":{},"message":"Finishing up request with event=finish"}}
[debug] [2025-12-02T09:25:51.765Z] Finishing up request with event=close {"metadata":{"emulator":{"name":"functions"},"function":{"name":"us-central1-chatWithTutor"},"extension":{},"message":"Finishing up request with event=close"}}
[debug] [2025-12-02T09:25:51.765Z] [work-queue] {"queuedWork":[],"queueLength":0,"runningWork":[],"workRunningCount":0}
